Started GET "/" for ::1 at 2024-02-22 22:01:04 +0100
  
ActiveRecord::NoDatabaseError (We could not find your database: rails-watch-list_development. Which can be found in the database configuration file located at config/database.yml.

To resolve this issue:

- Did you create the database for this app, or delete it? You may need to create your database.
- Has the database name changed? Check your database.yml config has the correct database name.

To create your database, run:

        bin/rails db:create
):
  
activerecord (7.0.3.1) lib/active_record/connection_adapters/postgresql_adapter.rb:81:in `rescue in new_client'
activerecord (7.0.3.1) lib/active_record/connection_adapters/postgresql_adapter.rb:77:in `new_client'
activerecord (7.0.3.1) lib/active_record/connection_adapters/postgresql_adapter.rb:37:in `postgresql_connection'
activerecord (7.0.3.1) lib/active_record/connection_adapters/abstract/connection_pool.rb:656:in `public_send'
activerecord (7.0.3.1) lib/active_record/connection_adapters/abstract/connection_pool.rb:656:in `new_connection'
activerecord (7.0.3.1) lib/active_record/connection_adapters/abstract/connection_pool.rb:700:in `checkout_new_connection'
activerecord (7.0.3.1) lib/active_record/connection_adapters/abstract/connection_pool.rb:679:in `try_to_checkout_new_connection'
activerecord (7.0.3.1) lib/active_record/connection_adapters/abstract/connection_pool.rb:640:in `acquire_connection'
activerecord (7.0.3.1) lib/active_record/connection_adapters/abstract/connection_pool.rb:341:in `checkout'
activerecord (7.0.3.1) lib/active_record/connection_adapters/abstract/connection_pool.rb:181:in `connection'
activerecord (7.0.3.1) lib/active_record/connection_adapters/abstract/connection_handler.rb:211:in `retrieve_connection'
activerecord (7.0.3.1) lib/active_record/connection_handling.rb:313:in `retrieve_connection'
activerecord (7.0.3.1) lib/active_record/connection_handling.rb:280:in `connection'
activerecord (7.0.3.1) lib/active_record/migration.rb:613:in `connection'
activerecord (7.0.3.1) lib/active_record/migration.rb:608:in `build_watcher'
activerecord (7.0.3.1) lib/active_record/migration.rb:590:in `block in call'
activerecord (7.0.3.1) lib/active_record/migration.rb:589:in `synchronize'
activerecord (7.0.3.1) lib/active_record/migration.rb:589:in `call'
actionpack (7.0.3.1) lib/action_dispatch/middleware/callbacks.rb:27:in `block in call'
activesupport (7.0.3.1) lib/active_support/callbacks.rb:99:in `run_callbacks'
actionpack (7.0.3.1) lib/action_dispatch/middleware/callbacks.rb:26:in `call'
actionpack (7.0.3.1) lib/action_dispatch/middleware/executor.rb:14:in `call'
actionpack (7.0.3.1) lib/action_dispatch/middleware/actionable_exceptions.rb:17:in `call'
actionpack (7.0.3.1) lib/action_dispatch/middleware/debug_exceptions.rb:28:in `call'
web-console (4.2.0) lib/web_console/middleware.rb:132:in `call_app'
web-console (4.2.0) lib/web_console/middleware.rb:28:in `block in call'
web-console (4.2.0) lib/web_console/middleware.rb:17:in `catch'
web-console (4.2.0) lib/web_console/middleware.rb:17:in `call'
actionpack (7.0.3.1) lib/action_dispatch/middleware/show_exceptions.rb:26:in `call'
railties (7.0.3.1) lib/rails/rack/logger.rb:40:in `call_app'
railties (7.0.3.1) lib/rails/rack/logger.rb:25:in `block in call'
activesupport (7.0.3.1) lib/active_support/tagged_logging.rb:114:in `block in tagged'
activesupport (7.0.3.1) lib/active_support/tagged_logging.rb:38:in `tagged'
activesupport (7.0.3.1) lib/active_support/tagged_logging.rb:114:in `tagged'
railties (7.0.3.1) lib/rails/rack/logger.rb:25:in `call'
sprockets-rails (3.4.2) lib/sprockets/rails/quiet_assets.rb:13:in `call'
actionpack (7.0.3.1) lib/action_dispatch/middleware/remote_ip.rb:93:in `call'
actionpack (7.0.3.1) lib/action_dispatch/middleware/request_id.rb:26:in `call'
rack (2.2.4) lib/rack/method_override.rb:24:in `call'
rack (2.2.4) lib/rack/runtime.rb:22:in `call'
activesupport (7.0.3.1) lib/active_support/cache/strategy/local_cache_middleware.rb:29:in `call'
actionpack (7.0.3.1) lib/action_dispatch/middleware/server_timing.rb:20:in `call'
actionpack (7.0.3.1) lib/action_dispatch/middleware/executor.rb:14:in `call'
actionpack (7.0.3.1) lib/action_dispatch/middleware/static.rb:23:in `call'
rack (2.2.4) lib/rack/sendfile.rb:110:in `call'
actionpack (7.0.3.1) lib/action_dispatch/middleware/host_authorization.rb:137:in `call'
railties (7.0.3.1) lib/rails/engine.rb:530:in `call'
puma (5.6.4) lib/puma/configuration.rb:252:in `call'
puma (5.6.4) lib/puma/request.rb:77:in `block in handle_request'
puma (5.6.4) lib/puma/thread_pool.rb:340:in `with_force_shutdown'
puma (5.6.4) lib/puma/request.rb:76:in `handle_request'
puma (5.6.4) lib/puma/server.rb:441:in `process_client'
puma (5.6.4) lib/puma/thread_pool.rb:147:in `block in spawn_thread'
  [1m[35m (160.0ms)[0m  [1m[35mCREATE DATABASE "rails-watch-list_development" ENCODING = 'unicode'[0m
  [1m[35m (0.6ms)[0m  [1m[35mCREATE DATABASE "rails_watch_list_test" ENCODING = 'unicode'[0m
Started GET "/" for ::1 at 2024-02-22 22:02:03 +0100
  [1m[35m (5.3ms)[0m  [1m[35mCREATE TABLE "schema_migrations" ("version" character varying NOT NULL PRIMARY KEY)[0m
  [1m[35m (4.0ms)[0m  [1m[35mCREATE TABLE "ar_internal_metadata" ("key" character varying NOT NULL PRIMARY KEY, "value" character varying, "created_at" timestamp(6) NOT NULL, "updated_at" timestamp(6) NOT NULL)[0m
  [1m[36mActiveRecord::SchemaMigration Pluck (0.8ms)[0m  [1m[34mSELECT "schema_migrations"."version" FROM "schema_migrations" ORDER BY "schema_migrations"."version" ASC[0m
  
ActiveRecord::PendingMigrationError (

Migrations are pending. To resolve this issue, run:

        bin/rails db:migrate RAILS_ENV=development

You have 5 pending migrations:

20220421072200_create_movies.rb
20220421072341_create_lists.rb
20220421072643_create_bookmarks.rb
20220421075255_create_reviews.rb
20220421122344_create_active_storage_tables.active_storage.rb


):
  
activerecord (7.0.3.1) lib/active_record/migration.rb:627:in `check_pending!'
activerecord (7.0.3.1) lib/active_record/migration.rb:592:in `block (2 levels) in call'
activesupport (7.0.3.1) lib/active_support/file_update_checker.rb:83:in `execute'
activerecord (7.0.3.1) lib/active_record/migration.rb:597:in `block in call'
activerecord (7.0.3.1) lib/active_record/migration.rb:589:in `synchronize'
activerecord (7.0.3.1) lib/active_record/migration.rb:589:in `call'
actionpack (7.0.3.1) lib/action_dispatch/middleware/callbacks.rb:27:in `block in call'
activesupport (7.0.3.1) lib/active_support/callbacks.rb:99:in `run_callbacks'
actionpack (7.0.3.1) lib/action_dispatch/middleware/callbacks.rb:26:in `call'
actionpack (7.0.3.1) lib/action_dispatch/middleware/executor.rb:14:in `call'
actionpack (7.0.3.1) lib/action_dispatch/middleware/actionable_exceptions.rb:17:in `call'
actionpack (7.0.3.1) lib/action_dispatch/middleware/debug_exceptions.rb:28:in `call'
web-console (4.2.0) lib/web_console/middleware.rb:132:in `call_app'
web-console (4.2.0) lib/web_console/middleware.rb:28:in `block in call'
web-console (4.2.0) lib/web_console/middleware.rb:17:in `catch'
web-console (4.2.0) lib/web_console/middleware.rb:17:in `call'
actionpack (7.0.3.1) lib/action_dispatch/middleware/show_exceptions.rb:26:in `call'
railties (7.0.3.1) lib/rails/rack/logger.rb:40:in `call_app'
railties (7.0.3.1) lib/rails/rack/logger.rb:25:in `block in call'
activesupport (7.0.3.1) lib/active_support/tagged_logging.rb:114:in `block in tagged'
activesupport (7.0.3.1) lib/active_support/tagged_logging.rb:38:in `tagged'
activesupport (7.0.3.1) lib/active_support/tagged_logging.rb:114:in `tagged'
railties (7.0.3.1) lib/rails/rack/logger.rb:25:in `call'
sprockets-rails (3.4.2) lib/sprockets/rails/quiet_assets.rb:13:in `call'
actionpack (7.0.3.1) lib/action_dispatch/middleware/remote_ip.rb:93:in `call'
actionpack (7.0.3.1) lib/action_dispatch/middleware/request_id.rb:26:in `call'
rack (2.2.4) lib/rack/method_override.rb:24:in `call'
rack (2.2.4) lib/rack/runtime.rb:22:in `call'
activesupport (7.0.3.1) lib/active_support/cache/strategy/local_cache_middleware.rb:29:in `call'
actionpack (7.0.3.1) lib/action_dispatch/middleware/server_timing.rb:20:in `call'
actionpack (7.0.3.1) lib/action_dispatch/middleware/executor.rb:14:in `call'
actionpack (7.0.3.1) lib/action_dispatch/middleware/static.rb:23:in `call'
rack (2.2.4) lib/rack/sendfile.rb:110:in `call'
actionpack (7.0.3.1) lib/action_dispatch/middleware/host_authorization.rb:137:in `call'
railties (7.0.3.1) lib/rails/engine.rb:530:in `call'
puma (5.6.4) lib/puma/configuration.rb:252:in `call'
puma (5.6.4) lib/puma/request.rb:77:in `block in handle_request'
puma (5.6.4) lib/puma/thread_pool.rb:340:in `with_force_shutdown'
puma (5.6.4) lib/puma/request.rb:76:in `handle_request'
puma (5.6.4) lib/puma/server.rb:441:in `process_client'
puma (5.6.4) lib/puma/thread_pool.rb:147:in `block in spawn_thread'
  [1m[35m (0.1ms)[0m  [1m[34mSELECT pg_try_advisory_lock(5664623546625577800)[0m
  [1m[36mActiveRecord::SchemaMigration Pluck (0.8ms)[0m  [1m[34mSELECT "schema_migrations"."version" FROM "schema_migrations" ORDER BY "schema_migrations"."version" ASC[0m
Migrating to CreateMovies (20220421072200)
  [1m[36mTRANSACTION (0.1ms)[0m  [1m[35mBEGIN[0m
  [1m[35m (7.0ms)[0m  [1m[35mCREATE TABLE "movies" ("id" bigserial primary key, "title" character varying, "overview" text, "poster_url" character varying, "rating" float, "created_at" timestamp(6) NOT NULL, "updated_at" timestamp(6) NOT NULL)[0m
  [1m[36mActiveRecord::SchemaMigration Create (0.5ms)[0m  [1m[32mINSERT INTO "schema_migrations" ("version") VALUES ($1) RETURNING "version"[0m  [["version", "20220421072200"]]
  [1m[36mTRANSACTION (0.6ms)[0m  [1m[35mCOMMIT[0m
Migrating to CreateLists (20220421072341)
  [1m[36mTRANSACTION (0.3ms)[0m  [1m[35mBEGIN[0m
  [1m[35m (5.5ms)[0m  [1m[35mCREATE TABLE "lists" ("id" bigserial primary key, "name" character varying, "created_at" timestamp(6) NOT NULL, "updated_at" timestamp(6) NOT NULL)[0m
  [1m[36mActiveRecord::SchemaMigration Create (0.1ms)[0m  [1m[32mINSERT INTO "schema_migrations" ("version") VALUES ($1) RETURNING "version"[0m  [["version", "20220421072341"]]
  [1m[36mTRANSACTION (0.2ms)[0m  [1m[35mCOMMIT[0m
Migrating to CreateBookmarks (20220421072643)
  [1m[36mTRANSACTION (0.3ms)[0m  [1m[35mBEGIN[0m
  [1m[35m (6.6ms)[0m  [1m[35mCREATE TABLE "bookmarks" ("id" bigserial primary key, "comment" text, "movie_id" bigint NOT NULL, "list_id" bigint NOT NULL, "created_at" timestamp(6) NOT NULL, "updated_at" timestamp(6) NOT NULL, CONSTRAINT "fk_rails_630f44bd39"
FOREIGN KEY ("movie_id")
  REFERENCES "movies" ("id")
, CONSTRAINT "fk_rails_29c05dc16c"
FOREIGN KEY ("list_id")
  REFERENCES "lists" ("id")
)[0m
  [1m[35m (0.8ms)[0m  [1m[35mCREATE INDEX "index_bookmarks_on_movie_id" ON "bookmarks" ("movie_id")[0m
  [1m[35m (0.9ms)[0m  [1m[35mCREATE INDEX "index_bookmarks_on_list_id" ON "bookmarks" ("list_id")[0m
  [1m[36mActiveRecord::SchemaMigration Create (0.3ms)[0m  [1m[32mINSERT INTO "schema_migrations" ("version") VALUES ($1) RETURNING "version"[0m  [["version", "20220421072643"]]
  [1m[36mTRANSACTION (0.3ms)[0m  [1m[35mCOMMIT[0m
Migrating to CreateReviews (20220421075255)
  [1m[36mTRANSACTION (0.3ms)[0m  [1m[35mBEGIN[0m
  [1m[35m (4.7ms)[0m  [1m[35mCREATE TABLE "reviews" ("id" bigserial primary key, "comment" text, "rating" integer, "list_id" bigint NOT NULL, "created_at" timestamp(6) NOT NULL, "updated_at" timestamp(6) NOT NULL, CONSTRAINT "fk_rails_4a5c24a6bd"
FOREIGN KEY ("list_id")
  REFERENCES "lists" ("id")
)[0m
  [1m[35m (1.1ms)[0m  [1m[35mCREATE INDEX "index_reviews_on_list_id" ON "reviews" ("list_id")[0m
  [1m[36mActiveRecord::SchemaMigration Create (0.2ms)[0m  [1m[32mINSERT INTO "schema_migrations" ("version") VALUES ($1) RETURNING "version"[0m  [["version", "20220421075255"]]
  [1m[36mTRANSACTION (0.6ms)[0m  [1m[35mCOMMIT[0m
Migrating to CreateActiveStorageTables (20220421122344)
  [1m[36mTRANSACTION (0.2ms)[0m  [1m[35mBEGIN[0m
  [1m[35m (3.8ms)[0m  [1m[35mCREATE TABLE "active_storage_blobs" ("id" bigserial primary key, "key" character varying NOT NULL, "filename" character varying NOT NULL, "content_type" character varying, "metadata" text, "service_name" character varying NOT NULL, "byte_size" bigint NOT NULL, "checksum" character varying, "created_at" timestamp(6) NOT NULL)[0m
  [1m[35m (1.2ms)[0m  [1m[35mCREATE UNIQUE INDEX "index_active_storage_blobs_on_key" ON "active_storage_blobs" ("key")[0m
  [1m[35m (5.0ms)[0m  [1m[35mCREATE TABLE "active_storage_attachments" ("id" bigserial primary key, "name" character varying NOT NULL, "record_type" character varying NOT NULL, "record_id" bigint NOT NULL, "blob_id" bigint NOT NULL, "created_at" timestamp(6) NOT NULL, CONSTRAINT "fk_rails_c3b3935057"
FOREIGN KEY ("blob_id")
  REFERENCES "active_storage_blobs" ("id")
)[0m
  [1m[35m (1.0ms)[0m  [1m[35mCREATE INDEX "index_active_storage_attachments_on_blob_id" ON "active_storage_attachments" ("blob_id")[0m
  [1m[35m (1.2ms)[0m  [1m[35mCREATE UNIQUE INDEX "index_active_storage_attachments_uniqueness" ON "active_storage_attachments" ("record_type", "record_id", "name", "blob_id")[0m
  [1m[35m (4.7ms)[0m  [1m[35mCREATE TABLE "active_storage_variant_records" ("id" bigserial primary key, "blob_id" bigint NOT NULL, "variation_digest" character varying NOT NULL, CONSTRAINT "fk_rails_993965df05"
FOREIGN KEY ("blob_id")
  REFERENCES "active_storage_blobs" ("id")
)[0m
  [1m[35m (0.8ms)[0m  [1m[35mCREATE UNIQUE INDEX "index_active_storage_variant_records_uniqueness" ON "active_storage_variant_records" ("blob_id", "variation_digest")[0m
  [1m[36mActiveRecord::SchemaMigration Create (0.2ms)[0m  [1m[32mINSERT INTO "schema_migrations" ("version") VALUES ($1) RETURNING "version"[0m  [["version", "20220421122344"]]
  [1m[36mTRANSACTION (0.3ms)[0m  [1m[35mCOMMIT[0m
  [1m[36mActiveRecord::InternalMetadata Load (0.8ms)[0m  [1m[34mSELECT "ar_internal_metadata".* FROM "ar_internal_metadata" WHERE "ar_internal_metadata"."key" = $1 LIMIT $2[0m  [["key", "environment"], ["LIMIT", 1]]
  [1m[36mTRANSACTION (0.1ms)[0m  [1m[35mBEGIN[0m
  [1m[36mActiveRecord::InternalMetadata Create (0.6ms)[0m  [1m[32mINSERT INTO "ar_internal_metadata" ("key", "value", "created_at", "updated_at") VALUES ($1, $2, $3, $4) RETURNING "key"[0m  [["key", "environment"], ["value", "development"], ["created_at", "2024-02-22 21:02:18.568935"], ["updated_at", "2024-02-22 21:02:18.568935"]]
  [1m[36mTRANSACTION (0.2ms)[0m  [1m[35mCOMMIT[0m
  [1m[35m (0.3ms)[0m  [1m[34mSELECT pg_advisory_unlock(5664623546625577800)[0m
  [1m[36mActiveRecord::SchemaMigration Pluck (0.9ms)[0m  [1m[34mSELECT "schema_migrations"."version" FROM "schema_migrations" ORDER BY "schema_migrations"."version" ASC[0m
Started GET "/" for ::1 at 2024-02-22 22:02:21 +0100
  [1m[36mActiveRecord::SchemaMigration Pluck (0.3ms)[0m  [1m[34mSELECT "schema_migrations"."version" FROM "schema_migrations" ORDER BY "schema_migrations"."version" ASC[0m
Processing by ListsController#index as HTML
  Rendering layout layouts/application.html.erb
  Rendering lists/index.html.erb within layouts/application
  [1m[36mList Load (0.7ms)[0m  [1m[34mSELECT "lists".* FROM "lists"[0m
  ↳ app/views/lists/index.html.erb:13
  Rendered lists/index.html.erb within layouts/application (Duration: 2.4ms | Allocations: 1245)
  Rendered layout layouts/application.html.erb (Duration: 20.7ms | Allocations: 5656)
Completed 500 Internal Server Error in 41ms (ActiveRecord: 0.7ms | Allocations: 12522)


  
ActionView::Template::Error (Error: File to import not found or unreadable: bootstrap/scss/bootstrap.
        on line 8:1 of app/assets/stylesheets/application.scss
>> @import "bootstrap/scss/bootstrap";

   ^
):
     6:     <%= csrf_meta_tags %>
     7:     <%= csp_meta_tag %>
     8: 
     9:     <%= stylesheet_link_tag "application", "data-turbo-track": "reload" %>
    10:     <%= javascript_include_tag "application", "data-turbo-track": "reload", defer: true %>
    11:   </head>
    12:   <body>
  
app/assets/stylesheets/application.scss:8
app/views/layouts/application.html.erb:9
Started GET "/" for ::1 at 2024-02-22 22:03:32 +0100
Processing by ListsController#index as HTML
  Rendering layout layouts/application.html.erb
  Rendering lists/index.html.erb within layouts/application
  [1m[36mList Load (0.2ms)[0m  [1m[34mSELECT "lists".* FROM "lists"[0m
  ↳ app/views/lists/index.html.erb:13
  Rendered lists/index.html.erb within layouts/application (Duration: 0.8ms | Allocations: 630)
  Rendered layout layouts/application.html.erb (Duration: 5.5ms | Allocations: 3861)
Completed 500 Internal Server Error in 6ms (ActiveRecord: 0.2ms | Allocations: 4121)


  
ActionView::Template::Error (Error: File to import not found or unreadable: bootstrap/scss/bootstrap.
        on line 8:1 of app/assets/stylesheets/application.scss
>> @import "bootstrap/scss/bootstrap";

   ^
):
     6:     <%= csrf_meta_tags %>
     7:     <%= csp_meta_tag %>
     8: 
     9:     <%= stylesheet_link_tag "application", "data-turbo-track": "reload" %>
    10:     <%= javascript_include_tag "application", "data-turbo-track": "reload", defer: true %>
    11:   </head>
    12:   <body>
  
app/assets/stylesheets/application.scss:8
app/views/layouts/application.html.erb:9
Started GET "/" for ::1 at 2024-02-22 22:03:35 +0100
Processing by ListsController#index as HTML
  Rendering layout layouts/application.html.erb
  Rendering lists/index.html.erb within layouts/application
  [1m[36mList Load (0.2ms)[0m  [1m[34mSELECT "lists".* FROM "lists"[0m
  ↳ app/views/lists/index.html.erb:13
  Rendered lists/index.html.erb within layouts/application (Duration: 1.6ms | Allocations: 628)
  Rendered layout layouts/application.html.erb (Duration: 14.5ms | Allocations: 3859)
Completed 500 Internal Server Error in 15ms (ActiveRecord: 0.2ms | Allocations: 4096)


  
ActionView::Template::Error (Error: File to import not found or unreadable: bootstrap/scss/bootstrap.
        on line 8:1 of app/assets/stylesheets/application.scss
>> @import "bootstrap/scss/bootstrap";

   ^
):
     6:     <%= csrf_meta_tags %>
     7:     <%= csp_meta_tag %>
     8: 
     9:     <%= stylesheet_link_tag "application", "data-turbo-track": "reload" %>
    10:     <%= javascript_include_tag "application", "data-turbo-track": "reload", defer: true %>
    11:   </head>
    12:   <body>
  
app/assets/stylesheets/application.scss:8
app/views/layouts/application.html.erb:9
Started GET "/" for ::1 at 2024-02-22 22:03:36 +0100
Processing by ListsController#index as HTML
  Rendering layout layouts/application.html.erb
  Rendering lists/index.html.erb within layouts/application
  [1m[36mList Load (0.3ms)[0m  [1m[34mSELECT "lists".* FROM "lists"[0m
  ↳ app/views/lists/index.html.erb:13
  Rendered lists/index.html.erb within layouts/application (Duration: 1.7ms | Allocations: 627)
  Rendered layout layouts/application.html.erb (Duration: 15.2ms | Allocations: 3856)
Completed 500 Internal Server Error in 17ms (ActiveRecord: 0.3ms | Allocations: 4089)


  
ActionView::Template::Error (Error: File to import not found or unreadable: bootstrap/scss/bootstrap.
        on line 8:1 of app/assets/stylesheets/application.scss
>> @import "bootstrap/scss/bootstrap";

   ^
):
     6:     <%= csrf_meta_tags %>
     7:     <%= csp_meta_tag %>
     8: 
     9:     <%= stylesheet_link_tag "application", "data-turbo-track": "reload" %>
    10:     <%= javascript_include_tag "application", "data-turbo-track": "reload", defer: true %>
    11:   </head>
    12:   <body>
  
app/assets/stylesheets/application.scss:8
app/views/layouts/application.html.erb:9
Started GET "/" for ::1 at 2024-02-22 22:03:58 +0100
Processing by ListsController#index as HTML
  Rendering layout layouts/application.html.erb
  Rendering lists/index.html.erb within layouts/application
  [1m[36mList Load (0.3ms)[0m  [1m[34mSELECT "lists".* FROM "lists"[0m
  ↳ app/views/lists/index.html.erb:13
  Rendered lists/index.html.erb within layouts/application (Duration: 3.7ms | Allocations: 621)
  Rendered layout layouts/application.html.erb (Duration: 18.6ms | Allocations: 3893)
Completed 500 Internal Server Error in 20ms (ActiveRecord: 0.3ms | Allocations: 4122)


  
ActionView::Template::Error (Error: File to import not found or unreadable: bootstrap/scss/bootstrap.
        on line 8:1 of app/assets/stylesheets/application.scss
>> @import "bootstrap/scss/bootstrap";

   ^
):
     6:     <%= csrf_meta_tags %>
     7:     <%= csp_meta_tag %>
     8: 
     9:     <%= stylesheet_link_tag "application", "data-turbo-track": "reload" %>
    10:     <%= javascript_include_tag "application", "data-turbo-track": "reload", defer: true %>
    11:   </head>
    12:   <body>
  
app/assets/stylesheets/application.scss:8
app/views/layouts/application.html.erb:9
Started GET "/" for ::1 at 2024-02-22 22:03:59 +0100
Processing by ListsController#index as HTML
  Rendering layout layouts/application.html.erb
  Rendering lists/index.html.erb within layouts/application
  [1m[36mList Load (0.4ms)[0m  [1m[34mSELECT "lists".* FROM "lists"[0m
  ↳ app/views/lists/index.html.erb:13
  Rendered lists/index.html.erb within layouts/application (Duration: 2.5ms | Allocations: 621)
  Rendered layout layouts/application.html.erb (Duration: 14.4ms | Allocations: 3850)
Completed 500 Internal Server Error in 17ms (ActiveRecord: 0.4ms | Allocations: 4079)


  
ActionView::Template::Error (Error: File to import not found or unreadable: bootstrap/scss/bootstrap.
        on line 8:1 of app/assets/stylesheets/application.scss
>> @import "bootstrap/scss/bootstrap";

   ^
):
     6:     <%= csrf_meta_tags %>
     7:     <%= csp_meta_tag %>
     8: 
     9:     <%= stylesheet_link_tag "application", "data-turbo-track": "reload" %>
    10:     <%= javascript_include_tag "application", "data-turbo-track": "reload", defer: true %>
    11:   </head>
    12:   <body>
  
app/assets/stylesheets/application.scss:8
app/views/layouts/application.html.erb:9
Started GET "/" for ::1 at 2024-02-22 22:04:00 +0100
Processing by ListsController#index as HTML
  Rendering layout layouts/application.html.erb
  Rendering lists/index.html.erb within layouts/application
  [1m[36mList Load (0.3ms)[0m  [1m[34mSELECT "lists".* FROM "lists"[0m
  ↳ app/views/lists/index.html.erb:13
  Rendered lists/index.html.erb within layouts/application (Duration: 1.9ms | Allocations: 621)
  Rendered layout layouts/application.html.erb (Duration: 15.9ms | Allocations: 3850)
Completed 500 Internal Server Error in 17ms (ActiveRecord: 0.3ms | Allocations: 4079)


  
ActionView::Template::Error (Error: File to import not found or unreadable: bootstrap/scss/bootstrap.
        on line 8:1 of app/assets/stylesheets/application.scss
>> @import "bootstrap/scss/bootstrap";

   ^
):
     6:     <%= csrf_meta_tags %>
     7:     <%= csp_meta_tag %>
     8: 
     9:     <%= stylesheet_link_tag "application", "data-turbo-track": "reload" %>
    10:     <%= javascript_include_tag "application", "data-turbo-track": "reload", defer: true %>
    11:   </head>
    12:   <body>
  
app/assets/stylesheets/application.scss:8
app/views/layouts/application.html.erb:9
Started GET "/" for ::1 at 2024-02-22 22:04:25 +0100
  [1m[36mActiveRecord::SchemaMigration Pluck (0.6ms)[0m  [1m[34mSELECT "schema_migrations"."version" FROM "schema_migrations" ORDER BY "schema_migrations"."version" ASC[0m
Processing by ListsController#index as HTML
  Rendering layout layouts/application.html.erb
  Rendering lists/index.html.erb within layouts/application
  [1m[36mList Load (0.6ms)[0m  [1m[34mSELECT "lists".* FROM "lists"[0m
  ↳ app/views/lists/index.html.erb:13
  Rendered lists/index.html.erb within layouts/application (Duration: 1.8ms | Allocations: 1500)
  Rendered layout layouts/application.html.erb (Duration: 8.9ms | Allocations: 6203)
Completed 500 Internal Server Error in 15ms (ActiveRecord: 0.6ms | Allocations: 13316)


  
ActionView::Template::Error (Error: File to import not found or unreadable: bootstrap/scss/bootstrap.
        on line 8:1 of app/assets/stylesheets/application.scss
>> @import "bootstrap/scss/bootstrap";

   ^
):
     6:     <%= csrf_meta_tags %>
     7:     <%= csp_meta_tag %>
     8: 
     9:     <%= stylesheet_link_tag "application", "data-turbo-track": "reload" %>
    10:     <%= javascript_include_tag "application", "data-turbo-track": "reload", defer: true %>
    11:   </head>
    12:   <body>
  
app/assets/stylesheets/application.scss:8
app/views/layouts/application.html.erb:9
Started GET "/" for ::1 at 2024-02-22 22:05:10 +0100
Processing by ListsController#index as HTML
  Rendering layout layouts/application.html.erb
  Rendering lists/index.html.erb within layouts/application
  [1m[36mList Load (0.3ms)[0m  [1m[34mSELECT "lists".* FROM "lists"[0m
  ↳ app/views/lists/index.html.erb:13
  Rendered lists/index.html.erb within layouts/application (Duration: 2.3ms | Allocations: 720)
  Rendered layout layouts/application.html.erb (Duration: 1977.5ms | Allocations: 166235)
Completed 500 Internal Server Error in 1979ms (ActiveRecord: 0.3ms | Allocations: 166517)


  
ActionView::Template::Error (The asset "application.js" is not present in the asset pipeline.
):
     7:     <%= csp_meta_tag %>
     8: 
     9:     <%= stylesheet_link_tag "application", "data-turbo-track": "reload" %>
    10:     <%= javascript_include_tag "application", "data-turbo-track": "reload", defer: true %>
    11:   </head>
    12:   <body>
    13:     <%= render 'shared/navbar' %>
  
app/views/layouts/application.html.erb:10
  [1m[35m (0.2ms)[0m  [1m[34mSELECT pg_try_advisory_lock(5664623546625577800)[0m
  [1m[36mActiveRecord::SchemaMigration Pluck (0.9ms)[0m  [1m[34mSELECT "schema_migrations"."version" FROM "schema_migrations" ORDER BY "schema_migrations"."version" ASC[0m
  [1m[36mActiveRecord::InternalMetadata Load (0.5ms)[0m  [1m[34mSELECT "ar_internal_metadata".* FROM "ar_internal_metadata" WHERE "ar_internal_metadata"."key" = $1 LIMIT $2[0m  [["key", "environment"], ["LIMIT", 1]]
  [1m[35m (0.1ms)[0m  [1m[34mSELECT pg_advisory_unlock(5664623546625577800)[0m
  [1m[36mActiveRecord::SchemaMigration Pluck (0.6ms)[0m  [1m[34mSELECT "schema_migrations"."version" FROM "schema_migrations" ORDER BY "schema_migrations"."version" ASC[0m
  [1m[36mActiveRecord::SchemaMigration Pluck (1.1ms)[0m  [1m[34mSELECT "schema_migrations"."version" FROM "schema_migrations" ORDER BY "schema_migrations"."version" ASC[0m
  [1m[36mActiveRecord::InternalMetadata Pluck (0.3ms)[0m  [1m[34mSELECT "ar_internal_metadata"."value" FROM "ar_internal_metadata" WHERE "ar_internal_metadata"."key" = $1 LIMIT $2[0m  [["key", "environment"], ["LIMIT", 1]]
  [1m[36mActiveRecord::SchemaMigration Pluck (0.2ms)[0m  [1m[34mSELECT "schema_migrations"."version" FROM "schema_migrations" ORDER BY "schema_migrations"."version" ASC[0m
  [1m[36mActiveRecord::InternalMetadata Pluck (0.2ms)[0m  [1m[34mSELECT "ar_internal_metadata"."value" FROM "ar_internal_metadata" WHERE "ar_internal_metadata"."key" = $1 LIMIT $2[0m  [["key", "environment"], ["LIMIT", 1]]
  [1m[36mActiveRecord::SchemaMigration Pluck (0.1ms)[0m  [1m[34mSELECT "schema_migrations"."version" FROM "schema_migrations" ORDER BY "schema_migrations"."version" ASC[0m
  [1m[36mActiveRecord::InternalMetadata Pluck (0.1ms)[0m  [1m[34mSELECT "ar_internal_metadata"."value" FROM "ar_internal_metadata" WHERE "ar_internal_metadata"."key" = $1 LIMIT $2[0m  [["key", "environment"], ["LIMIT", 1]]
  [1m[35m (39.3ms)[0m  [1m[35mDROP DATABASE IF EXISTS "rails_watch_list_test"[0m
  [1m[35m (56.3ms)[0m  [1m[35mCREATE DATABASE "rails_watch_list_test" ENCODING = 'unicode'[0m
  [1m[35mSQL (0.1ms)[0m  [1m[35mCREATE EXTENSION IF NOT EXISTS "plpgsql"[0m
  [1m[35m (0.0ms)[0m  [1m[35mDROP TABLE IF EXISTS "active_storage_attachments" CASCADE[0m
  [1m[35m (2.1ms)[0m  [1m[35mCREATE TABLE "active_storage_attachments" ("id" bigserial primary key, "name" character varying NOT NULL, "record_type" character varying NOT NULL, "record_id" bigint NOT NULL, "blob_id" bigint NOT NULL, "created_at" timestamp(6) NOT NULL)[0m
  [1m[35m (0.3ms)[0m  [1m[35mCREATE INDEX "index_active_storage_attachments_on_blob_id" ON "active_storage_attachments" ("blob_id")[0m
  [1m[35m (0.4ms)[0m  [1m[35mCREATE UNIQUE INDEX "index_active_storage_attachments_uniqueness" ON "active_storage_attachments" ("record_type", "record_id", "name", "blob_id")[0m
  [1m[35m (0.0ms)[0m  [1m[35mDROP TABLE IF EXISTS "active_storage_blobs" CASCADE[0m
  [1m[35m (1.0ms)[0m  [1m[35mCREATE TABLE "active_storage_blobs" ("id" bigserial primary key, "key" character varying NOT NULL, "filename" character varying NOT NULL, "content_type" character varying, "metadata" text, "service_name" character varying NOT NULL, "byte_size" bigint NOT NULL, "checksum" character varying, "created_at" timestamp(6) NOT NULL)[0m
  [1m[35m (0.5ms)[0m  [1m[35mCREATE UNIQUE INDEX "index_active_storage_blobs_on_key" ON "active_storage_blobs" ("key")[0m
  [1m[35m (0.0ms)[0m  [1m[35mDROP TABLE IF EXISTS "active_storage_variant_records" CASCADE[0m
  [1m[35m (1.0ms)[0m  [1m[35mCREATE TABLE "active_storage_variant_records" ("id" bigserial primary key, "blob_id" bigint NOT NULL, "variation_digest" character varying NOT NULL)[0m
  [1m[35m (0.3ms)[0m  [1m[35mCREATE UNIQUE INDEX "index_active_storage_variant_records_uniqueness" ON "active_storage_variant_records" ("blob_id", "variation_digest")[0m
  [1m[35m (0.0ms)[0m  [1m[35mDROP TABLE IF EXISTS "bookmarks" CASCADE[0m
  [1m[35m (0.9ms)[0m  [1m[35mCREATE TABLE "bookmarks" ("id" bigserial primary key, "comment" text, "movie_id" bigint NOT NULL, "list_id" bigint NOT NULL, "created_at" timestamp(6) NOT NULL, "updated_at" timestamp(6) NOT NULL)[0m
  [1m[35m (0.5ms)[0m  [1m[35mCREATE INDEX "index_bookmarks_on_list_id" ON "bookmarks" ("list_id")[0m
  [1m[35m (0.3ms)[0m  [1m[35mCREATE INDEX "index_bookmarks_on_movie_id" ON "bookmarks" ("movie_id")[0m
  [1m[35m (0.0ms)[0m  [1m[35mDROP TABLE IF EXISTS "lists" CASCADE[0m
  [1m[35m (1.0ms)[0m  [1m[35mCREATE TABLE "lists" ("id" bigserial primary key, "name" character varying, "created_at" timestamp(6) NOT NULL, "updated_at" timestamp(6) NOT NULL)[0m
  [1m[35m (0.1ms)[0m  [1m[35mDROP TABLE IF EXISTS "movies" CASCADE[0m
  [1m[35m (1.0ms)[0m  [1m[35mCREATE TABLE "movies" ("id" bigserial primary key, "title" character varying, "overview" text, "poster_url" character varying, "rating" float, "created_at" timestamp(6) NOT NULL, "updated_at" timestamp(6) NOT NULL)[0m
  [1m[35m (0.1ms)[0m  [1m[35mDROP TABLE IF EXISTS "reviews" CASCADE[0m
  [1m[35m (1.2ms)[0m  [1m[35mCREATE TABLE "reviews" ("id" bigserial primary key, "comment" text, "rating" integer, "list_id" bigint NOT NULL, "created_at" timestamp(6) NOT NULL, "updated_at" timestamp(6) NOT NULL)[0m
  [1m[35m (0.3ms)[0m  [1m[35mCREATE INDEX "index_reviews_on_list_id" ON "reviews" ("list_id")[0m
  [1m[35m (0.9ms)[0m  [1m[35mALTER TABLE "active_storage_attachments" ADD CONSTRAINT "fk_rails_c3b3935057"
FOREIGN KEY ("blob_id")
  REFERENCES "active_storage_blobs" ("id")
[0m
  [1m[35m (0.4ms)[0m  [1m[35mALTER TABLE "active_storage_variant_records" ADD CONSTRAINT "fk_rails_993965df05"
FOREIGN KEY ("blob_id")
  REFERENCES "active_storage_blobs" ("id")
[0m
  [1m[35m (0.9ms)[0m  [1m[35mALTER TABLE "bookmarks" ADD CONSTRAINT "fk_rails_29c05dc16c"
FOREIGN KEY ("list_id")
  REFERENCES "lists" ("id")
[0m
  [1m[35m (0.4ms)[0m  [1m[35mALTER TABLE "bookmarks" ADD CONSTRAINT "fk_rails_630f44bd39"
FOREIGN KEY ("movie_id")
  REFERENCES "movies" ("id")
[0m
  [1m[35m (0.4ms)[0m  [1m[35mALTER TABLE "reviews" ADD CONSTRAINT "fk_rails_4a5c24a6bd"
FOREIGN KEY ("list_id")
  REFERENCES "lists" ("id")
[0m
  [1m[35m (0.8ms)[0m  [1m[35mCREATE TABLE "schema_migrations" ("version" character varying NOT NULL PRIMARY KEY)[0m
  [1m[36mActiveRecord::SchemaMigration Pluck (0.2ms)[0m  [1m[34mSELECT "schema_migrations"."version" FROM "schema_migrations" ORDER BY "schema_migrations"."version" ASC[0m
  [1m[35m (0.2ms)[0m  [1m[32mINSERT INTO "schema_migrations" (version) VALUES (20220421122344)[0m
  [1m[35m (0.1ms)[0m  [1m[32mINSERT INTO "schema_migrations" (version) VALUES
(20220421072200),
(20220421072341),
(20220421072643),
(20220421075255);

[0m
  [1m[35m (1.0ms)[0m  [1m[35mCREATE TABLE "ar_internal_metadata" ("key" character varying NOT NULL PRIMARY KEY, "value" character varying, "created_at" timestamp(6) NOT NULL, "updated_at" timestamp(6) NOT NULL)[0m
  [1m[36mActiveRecord::InternalMetadata Load (0.1ms)[0m  [1m[34mSELECT "ar_internal_metadata".* FROM "ar_internal_metadata" WHERE "ar_internal_metadata"."key" = $1 LIMIT $2[0m  [["key", "environment"], ["LIMIT", 1]]
  [1m[36mTRANSACTION (0.0ms)[0m  [1m[35mBEGIN[0m
  [1m[36mActiveRecord::InternalMetadata Create (0.2ms)[0m  [1m[32mINSERT INTO "ar_internal_metadata" ("key", "value", "created_at", "updated_at") VALUES ($1, $2, $3, $4) RETURNING "key"[0m  [["key", "environment"], ["value", "development"], ["created_at", "2024-02-22 21:06:11.027555"], ["updated_at", "2024-02-22 21:06:11.027555"]]
  [1m[36mTRANSACTION (0.1ms)[0m  [1m[35mCOMMIT[0m
  [1m[36mActiveRecord::InternalMetadata Load (0.1ms)[0m  [1m[34mSELECT "ar_internal_metadata".* FROM "ar_internal_metadata" WHERE "ar_internal_metadata"."key" = $1 LIMIT $2[0m  [["key", "environment"], ["LIMIT", 1]]
  [1m[36mTRANSACTION (0.0ms)[0m  [1m[35mBEGIN[0m
  [1m[36mActiveRecord::InternalMetadata Update (0.1ms)[0m  [1m[33mUPDATE "ar_internal_metadata" SET "value" = $1, "updated_at" = $2 WHERE "ar_internal_metadata"."key" = $3[0m  [["value", "test"], ["updated_at", "2024-02-22 21:06:11.030820"], ["key", "environment"]]
  [1m[36mTRANSACTION (0.1ms)[0m  [1m[35mCOMMIT[0m
  [1m[36mActiveRecord::InternalMetadata Load (0.1ms)[0m  [1m[34mSELECT "ar_internal_metadata".* FROM "ar_internal_metadata" WHERE "ar_internal_metadata"."key" = $1 LIMIT $2[0m  [["key", "schema_sha1"], ["LIMIT", 1]]
  [1m[36mTRANSACTION (0.0ms)[0m  [1m[35mBEGIN[0m
  [1m[36mActiveRecord::InternalMetadata Create (0.1ms)[0m  [1m[32mINSERT INTO "ar_internal_metadata" ("key", "value", "created_at", "updated_at") VALUES ($1, $2, $3, $4) RETURNING "key"[0m  [["key", "schema_sha1"], ["value", "13cea587383dfc68df3a94e1749a4adcbbdf6cf0"], ["created_at", "2024-02-22 21:06:11.033570"], ["updated_at", "2024-02-22 21:06:11.033570"]]
  [1m[36mTRANSACTION (0.1ms)[0m  [1m[35mCOMMIT[0m
Started GET "/lists" for 127.0.0.1 at 2024-02-22 22:09:04 +0100
Processing by ListsController#index as HTML
  Rendering layout layouts/application.html.erb
  Rendering lists/index.html.erb within layouts/application
  [1m[36mList Load (0.3ms)[0m  [1m[34mSELECT "lists".* FROM "lists"[0m
  ↳ app/views/lists/index.html.erb:13
  Rendered lists/index.html.erb within layouts/application (Duration: 1.2ms | Allocations: 837)
  Rendered shared/_navbar.html.erb (Duration: 0.8ms | Allocations: 954)
  Rendered shared/_flashes.html.erb (Duration: 0.3ms | Allocations: 236)
  Rendered layout layouts/application.html.erb (Duration: 1838.5ms | Allocations: 137918)
Completed 200 OK in 1842ms (Views: 1838.6ms | ActiveRecord: 0.3ms | Allocations: 141330)


Started GET "/" for ::1 at 2024-02-22 22:09:12 +0100
Processing by ListsController#index as HTML
  Rendering layout layouts/application.html.erb
  Rendering lists/index.html.erb within layouts/application
  [1m[36mList Load (0.3ms)[0m  [1m[34mSELECT "lists".* FROM "lists"[0m
  ↳ app/views/lists/index.html.erb:13
  Rendered lists/index.html.erb within layouts/application (Duration: 2.4ms | Allocations: 628)
  Rendered shared/_navbar.html.erb (Duration: 0.9ms | Allocations: 644)
  Rendered shared/_flashes.html.erb (Duration: 0.1ms | Allocations: 31)
  Rendered layout layouts/application.html.erb (Duration: 23.4ms | Allocations: 11745)
Completed 200 OK in 25ms (Views: 23.8ms | ActiveRecord: 0.3ms | Allocations: 12031)


Started GET "/" for ::1 at 2024-02-22 22:09:15 +0100
Processing by ListsController#index as HTML
  Rendering layout layouts/application.html.erb
  Rendering lists/index.html.erb within layouts/application
  [1m[36mList Load (0.3ms)[0m  [1m[34mSELECT "lists".* FROM "lists"[0m
  ↳ app/views/lists/index.html.erb:13
  Rendered lists/index.html.erb within layouts/application (Duration: 1.8ms | Allocations: 621)
  Rendered shared/_navbar.html.erb (Duration: 0.6ms | Allocations: 644)
  Rendered shared/_flashes.html.erb (Duration: 0.0ms | Allocations: 31)
  Rendered layout layouts/application.html.erb (Duration: 23.1ms | Allocations: 11851)
Completed 200 OK in 24ms (Views: 23.4ms | ActiveRecord: 0.3ms | Allocations: 12109)


Started GET "/lists/new" for ::1 at 2024-02-22 22:09:17 +0100
Processing by ListsController#new as HTML
  Rendering layout layouts/application.html.erb
  Rendering lists/new.html.erb within layouts/application
  Rendered lists/new.html.erb within layouts/application (Duration: 76.2ms | Allocations: 33271)
  Rendered shared/_navbar.html.erb (Duration: 0.3ms | Allocations: 658)
  Rendered shared/_flashes.html.erb (Duration: 0.0ms | Allocations: 37)
  Rendered layout layouts/application.html.erb (Duration: 82.5ms | Allocations: 44472)
Completed 200 OK in 99ms (Views: 80.0ms | ActiveRecord: 10.9ms | Allocations: 47456)


Started GET "/" for ::1 at 2024-02-22 22:09:26 +0100
Processing by ListsController#index as HTML
  Rendering layout layouts/application.html.erb
  Rendering lists/index.html.erb within layouts/application
  [1m[36mList Load (0.3ms)[0m  [1m[34mSELECT "lists".* FROM "lists"[0m
  ↳ app/views/lists/index.html.erb:13
  Rendered lists/index.html.erb within layouts/application (Duration: 2.0ms | Allocations: 687)
  Rendered shared/_navbar.html.erb (Duration: 2.4ms | Allocations: 644)
  Rendered shared/_flashes.html.erb (Duration: 0.3ms | Allocations: 31)
  Rendered layout layouts/application.html.erb (Duration: 36.8ms | Allocations: 11920)
Completed 200 OK in 38ms (Views: 37.3ms | ActiveRecord: 0.3ms | Allocations: 12216)


Started GET "/lists/new" for ::1 at 2024-02-22 22:09:27 +0100
Processing by ListsController#new as HTML
  Rendering layout layouts/application.html.erb
  Rendering lists/new.html.erb within layouts/application
  Rendered lists/new.html.erb within layouts/application (Duration: 28.9ms | Allocations: 13874)
  Rendered shared/_navbar.html.erb (Duration: 0.5ms | Allocations: 647)
  Rendered shared/_flashes.html.erb (Duration: 0.0ms | Allocations: 31)
  Rendered layout layouts/application.html.erb (Duration: 45.5ms | Allocations: 24921)
Completed 200 OK in 46ms (Views: 46.0ms | ActiveRecord: 0.0ms | Allocations: 25187)


Started GET "/" for ::1 at 2024-02-22 22:09:28 +0100
Processing by ListsController#index as HTML
  Rendering layout layouts/application.html.erb
  Rendering lists/index.html.erb within layouts/application
  [1m[36mList Load (0.3ms)[0m  [1m[34mSELECT "lists".* FROM "lists"[0m
  ↳ app/views/lists/index.html.erb:13
  Rendered lists/index.html.erb within layouts/application (Duration: 2.3ms | Allocations: 621)
  Rendered shared/_navbar.html.erb (Duration: 2.6ms | Allocations: 644)
  Rendered shared/_flashes.html.erb (Duration: 0.1ms | Allocations: 31)
  Rendered layout layouts/application.html.erb (Duration: 37.8ms | Allocations: 11848)
Completed 200 OK in 39ms (Views: 38.2ms | ActiveRecord: 0.3ms | Allocations: 12106)


Started GET "/lists/new" for ::1 at 2024-02-22 22:09:29 +0100
Processing by ListsController#new as HTML
  Rendering layout layouts/application.html.erb
  Rendering lists/new.html.erb within layouts/application
  Rendered lists/new.html.erb within layouts/application (Duration: 57.6ms | Allocations: 13803)
  Rendered shared/_navbar.html.erb (Duration: 0.5ms | Allocations: 647)
  Rendered shared/_flashes.html.erb (Duration: 0.0ms | Allocations: 31)
  Rendered layout layouts/application.html.erb (Duration: 81.9ms | Allocations: 24977)
Completed 200 OK in 83ms (Views: 82.4ms | ActiveRecord: 0.0ms | Allocations: 25237)


Started POST "/lists" for ::1 at 2024-02-22 22:09:32 +0100
Processing by ListsController#create as TURBO_STREAM
  Parameters: {"authenticity_token"=>"[FILTERED]", "list"=>{"name"=>""}, "commit"=>"Create List"}
  [1m[36mTRANSACTION (0.1ms)[0m  [1m[35mBEGIN[0m
  ↳ app/controllers/lists_controller.rb:19:in `create'
  [1m[36mList Exists? (0.5ms)[0m  [1m[34mSELECT 1 AS one FROM "lists" WHERE "lists"."name" = $1 LIMIT $2[0m  [["name", ""], ["LIMIT", 1]]
  ↳ app/controllers/lists_controller.rb:19:in `create'
  [1m[36mTRANSACTION (0.1ms)[0m  [1m[31mROLLBACK[0m
  ↳ app/controllers/lists_controller.rb:19:in `create'
  Rendering layout layouts/application.html.erb
  Rendering lists/new.html.erb within layouts/application
  Rendered lists/new.html.erb within layouts/application (Duration: 18.7ms | Allocations: 15088)
  Rendered shared/_navbar.html.erb (Duration: 0.5ms | Allocations: 651)
  Rendered shared/_flashes.html.erb (Duration: 0.0ms | Allocations: 37)
  Rendered layout layouts/application.html.erb (Duration: 30.7ms | Allocations: 26291)
Completed 422 Unprocessable Entity in 40ms (Views: 31.2ms | ActiveRecord: 0.7ms | Allocations: 31336)


Started POST "/lists" for ::1 at 2024-02-22 22:09:36 +0100
Processing by ListsController#create as TURBO_STREAM
  Parameters: {"authenticity_token"=>"[FILTERED]", "list"=>{"name"=>"adventure"}, "commit"=>"Create List"}
  [1m[36mTRANSACTION (0.2ms)[0m  [1m[35mBEGIN[0m
  ↳ app/controllers/lists_controller.rb:19:in `create'
  [1m[36mList Exists? (0.4ms)[0m  [1m[34mSELECT 1 AS one FROM "lists" WHERE "lists"."name" = $1 LIMIT $2[0m  [["name", "adventure"], ["LIMIT", 1]]
  ↳ app/controllers/lists_controller.rb:19:in `create'
  [1m[36mList Create (1.4ms)[0m  [1m[32mINSERT INTO "lists" ("name", "created_at", "updated_at") VALUES ($1, $2, $3) RETURNING "id"[0m  [["name", "adventure"], ["created_at", "2024-02-22 21:09:36.562045"], ["updated_at", "2024-02-22 21:09:36.562045"]]
  ↳ app/controllers/lists_controller.rb:19:in `create'
  [1m[36mTRANSACTION (0.6ms)[0m  [1m[35mCOMMIT[0m
  ↳ app/controllers/lists_controller.rb:19:in `create'
Redirected to http://localhost:3000/lists/1
Completed 302 Found in 15ms (ActiveRecord: 2.6ms | Allocations: 4280)


Started GET "/lists/1" for ::1 at 2024-02-22 22:09:36 +0100
Processing by ListsController#show as TURBO_STREAM
  Parameters: {"id"=>"1"}
  [1m[36mList Load (0.3ms)[0m  [1m[34mSELECT "lists".* FROM "lists" WHERE "lists"."id" = $1 LIMIT $2[0m  [["id", 1], ["LIMIT", 1]]
  ↳ app/controllers/lists_controller.rb:34:in `set_list'
  Rendering layout layouts/application.html.erb
  Rendering lists/show.html.erb within layouts/application
  [1m[36mActiveStorage::Attachment Load (1.7ms)[0m  [1m[34mSELECT "active_storage_attachments".* FROM "active_storage_attachments" WHERE "active_storage_attachments"."record_id" = $1 AND "active_storage_attachments"."record_type" = $2 AND "active_storage_attachments"."name" = $3 LIMIT $4[0m  [["record_id", 1], ["record_type", "List"], ["name", "photo"], ["LIMIT", 1]]
  ↳ app/views/lists/show.html.erb:2
  [1m[36mMovie Count (1.9ms)[0m  [1m[34mSELECT COUNT(*) FROM "movies" INNER JOIN "bookmarks" ON "movies"."id" = "bookmarks"."movie_id" WHERE "bookmarks"."list_id" = $1[0m  [["list_id", 1]]
  ↳ app/views/lists/show.html.erb:5
  [1m[36mReview Exists? (0.7ms)[0m  [1m[34mSELECT 1 AS one FROM "reviews" WHERE "reviews"."list_id" = $1 LIMIT $2[0m  [["list_id", 1], ["LIMIT", 1]]
  ↳ app/views/lists/show.html.erb:41
  [1m[36mReview Load (0.1ms)[0m  [1m[34mSELECT "reviews".* FROM "reviews" WHERE "reviews"."list_id" = $1[0m  [["list_id", 1]]
  ↳ app/views/lists/show.html.erb:44
  [1m[36mMovie Load (0.4ms)[0m  [1m[34mSELECT "movies".* FROM "movies" ORDER BY "movies"."title" ASC[0m
  ↳ app/views/bookmarks/_modal.html.erb:12
  Rendered bookmarks/_modal.html.erb (Duration: 11.0ms | Allocations: 14867)
  Rendered lists/show.html.erb within layouts/application (Duration: 62.7ms | Allocations: 46109)
  Rendered shared/_navbar.html.erb (Duration: 0.4ms | Allocations: 652)
  Rendered shared/_flashes.html.erb (Duration: 0.0ms | Allocations: 37)
  Rendered layout layouts/application.html.erb (Duration: 74.0ms | Allocations: 57214)
Completed 200 OK in 111ms (Views: 63.6ms | ActiveRecord: 18.7ms | Allocations: 72343)


Started GET "/" for ::1 at 2024-02-22 22:09:50 +0100
Processing by ListsController#index as HTML
  Rendering layout layouts/application.html.erb
  Rendering lists/index.html.erb within layouts/application
  [1m[36mList Load (0.3ms)[0m  [1m[34mSELECT "lists".* FROM "lists"[0m
  ↳ app/views/lists/index.html.erb:13
  [1m[36mActiveStorage::Attachment Load (0.4ms)[0m  [1m[34mSELECT "active_storage_attachments".* FROM "active_storage_attachments" WHERE "active_storage_attachments"."record_id" = $1 AND "active_storage_attachments"."record_type" = $2 AND "active_storage_attachments"."name" = $3 LIMIT $4[0m  [["record_id", 1], ["record_type", "List"], ["name", "photo"], ["LIMIT", 1]]
  ↳ app/views/lists/index.html.erb:16
  Rendered lists/index.html.erb within layouts/application (Duration: 7.1ms | Allocations: 2308)
  Rendered shared/_navbar.html.erb (Duration: 1.3ms | Allocations: 647)
  Rendered shared/_flashes.html.erb (Duration: 0.0ms | Allocations: 31)
  Rendered layout layouts/application.html.erb (Duration: 32.6ms | Allocations: 13472)
Completed 200 OK in 34ms (Views: 32.5ms | ActiveRecord: 0.6ms | Allocations: 13763)


  [1m[36mActiveRecord::SchemaMigration Pluck (1.1ms)[0m  [1m[34mSELECT "schema_migrations"."version" FROM "schema_migrations" ORDER BY "schema_migrations"."version" ASC[0m
  [1m[36mTRANSACTION (0.1ms)[0m  [1m[35mBEGIN[0m
  [1m[36mMovie Exists? (0.6ms)[0m  [1m[34mSELECT 1 AS one FROM "movies" WHERE "movies"."title" = $1 LIMIT $2[0m  [["title", "Wonder Woman 1984"], ["LIMIT", 1]]
  [1m[36mMovie Create (0.6ms)[0m  [1m[32mINSERT INTO "movies" ("title", "overview", "poster_url", "rating", "created_at", "updated_at") VALUES ($1, $2, $3, $4, $5, $6) RETURNING "id"[0m  [["title", "Wonder Woman 1984"], ["overview", "Wonder Woman comes into conflict with the Soviet Union during the Cold War in the 1980s"], ["poster_url", "https://image.tmdb.org/t/p/original/8UlWHLMpgZm9bx6QYh0NFoq67TZ.jpg"], ["rating", 6.9], ["created_at", "2024-02-22 21:13:58.023341"], ["updated_at", "2024-02-22 21:13:58.023341"]]
  [1m[36mTRANSACTION (0.2ms)[0m  [1m[35mCOMMIT[0m
  [1m[36mTRANSACTION (0.0ms)[0m  [1m[35mBEGIN[0m
  [1m[36mMovie Exists? (0.1ms)[0m  [1m[34mSELECT 1 AS one FROM "movies" WHERE "movies"."title" = $1 LIMIT $2[0m  [["title", "The Shawshank Redemption"], ["LIMIT", 1]]
  [1m[36mMovie Create (0.1ms)[0m  [1m[32mINSERT INTO "movies" ("title", "overview", "poster_url", "rating", "created_at", "updated_at") VALUES ($1, $2, $3, $4, $5, $6) RETURNING "id"[0m  [["title", "The Shawshank Redemption"], ["overview", "Framed in the 1940s for double murder, upstanding banker Andy Dufresne begins a new life at the Shawshank prison"], ["poster_url", "https://image.tmdb.org/t/p/original/q6y0Go1tsGEsmtFryDOJo3dEmqu.jpg"], ["rating", 8.7], ["created_at", "2024-02-22 21:13:58.026470"], ["updated_at", "2024-02-22 21:13:58.026470"]]
  [1m[36mTRANSACTION (0.1ms)[0m  [1m[35mCOMMIT[0m
  [1m[36mTRANSACTION (0.1ms)[0m  [1m[35mBEGIN[0m
  [1m[36mMovie Exists? (0.1ms)[0m  [1m[34mSELECT 1 AS one FROM "movies" WHERE "movies"."title" = $1 LIMIT $2[0m  [["title", "Titanic"], ["LIMIT", 1]]
  [1m[36mMovie Create (0.2ms)[0m  [1m[32mINSERT INTO "movies" ("title", "overview", "poster_url", "rating", "created_at", "updated_at") VALUES ($1, $2, $3, $4, $5, $6) RETURNING "id"[0m  [["title", "Titanic"], ["overview", "101-year-old Rose DeWitt Bukater tells the story of her life aboard the Titanic."], ["poster_url", "https://image.tmdb.org/t/p/original/9xjZS2rlVxm8SFx8kPC3aIGCOYQ.jpg"], ["rating", 7.9], ["created_at", "2024-02-22 21:13:58.028529"], ["updated_at", "2024-02-22 21:13:58.028529"]]
  [1m[36mTRANSACTION (0.1ms)[0m  [1m[35mCOMMIT[0m
  [1m[36mTRANSACTION (0.1ms)[0m  [1m[35mBEGIN[0m
  [1m[36mMovie Exists? (0.1ms)[0m  [1m[34mSELECT 1 AS one FROM "movies" WHERE "movies"."title" = $1 LIMIT $2[0m  [["title", "Ocean's Eight"], ["LIMIT", 1]]
  [1m[36mMovie Create (0.2ms)[0m  [1m[32mINSERT INTO "movies" ("title", "overview", "poster_url", "rating", "created_at", "updated_at") VALUES ($1, $2, $3, $4, $5, $6) RETURNING "id"[0m  [["title", "Ocean's Eight"], ["overview", "Debbie Ocean, a criminal mastermind, gathers a crew of female thieves to pull off the heist of the century."], ["poster_url", "https://image.tmdb.org/t/p/original/MvYpKlpFukTivnlBhizGbkAe3v.jpg"], ["rating", 7.0], ["created_at", "2024-02-22 21:13:58.030680"], ["updated_at", "2024-02-22 21:13:58.030680"]]
  [1m[36mTRANSACTION (0.1ms)[0m  [1m[35mCOMMIT[0m
Started GET "/" for ::1 at 2024-02-22 22:14:03 +0100
Processing by ListsController#index as HTML
  Rendering layout layouts/application.html.erb
  Rendering lists/index.html.erb within layouts/application
  [1m[36mList Load (0.3ms)[0m  [1m[34mSELECT "lists".* FROM "lists"[0m
  ↳ app/views/lists/index.html.erb:13
  [1m[36mActiveStorage::Attachment Load (0.3ms)[0m  [1m[34mSELECT "active_storage_attachments".* FROM "active_storage_attachments" WHERE "active_storage_attachments"."record_id" = $1 AND "active_storage_attachments"."record_type" = $2 AND "active_storage_attachments"."name" = $3 LIMIT $4[0m  [["record_id", 1], ["record_type", "List"], ["name", "photo"], ["LIMIT", 1]]
  ↳ app/views/lists/index.html.erb:16
  Rendered lists/index.html.erb within layouts/application (Duration: 7.1ms | Allocations: 2207)
  Rendered shared/_navbar.html.erb (Duration: 1.2ms | Allocations: 644)
  Rendered shared/_flashes.html.erb (Duration: 0.1ms | Allocations: 31)
  Rendered layout layouts/application.html.erb (Duration: 26.0ms | Allocations: 13254)
Completed 200 OK in 27ms (Views: 25.9ms | ActiveRecord: 0.6ms | Allocations: 13509)


Started GET "/lists/new" for ::1 at 2024-02-22 22:14:04 +0100
Processing by ListsController#new as HTML
  Rendering layout layouts/application.html.erb
  Rendering lists/new.html.erb within layouts/application
  Rendered lists/new.html.erb within layouts/application (Duration: 21.7ms | Allocations: 13808)
  Rendered shared/_navbar.html.erb (Duration: 0.7ms | Allocations: 644)
  Rendered shared/_flashes.html.erb (Duration: 0.0ms | Allocations: 31)
  Rendered layout layouts/application.html.erb (Duration: 33.5ms | Allocations: 24852)
Completed 200 OK in 34ms (Views: 33.9ms | ActiveRecord: 0.0ms | Allocations: 25116)


Started POST "/lists" for ::1 at 2024-02-22 22:14:08 +0100
Processing by ListsController#create as TURBO_STREAM
  Parameters: {"authenticity_token"=>"[FILTERED]", "list"=>{"name"=>""}, "commit"=>"Create List"}
  [1m[36mTRANSACTION (0.2ms)[0m  [1m[35mBEGIN[0m
  ↳ app/controllers/lists_controller.rb:19:in `create'
  [1m[36mList Exists? (0.4ms)[0m  [1m[34mSELECT 1 AS one FROM "lists" WHERE "lists"."name" = $1 LIMIT $2[0m  [["name", ""], ["LIMIT", 1]]
  ↳ app/controllers/lists_controller.rb:19:in `create'
  [1m[36mTRANSACTION (0.2ms)[0m  [1m[31mROLLBACK[0m
  ↳ app/controllers/lists_controller.rb:19:in `create'
  Rendering layout layouts/application.html.erb
  Rendering lists/new.html.erb within layouts/application
  Rendered lists/new.html.erb within layouts/application (Duration: 22.7ms | Allocations: 14769)
  Rendered shared/_navbar.html.erb (Duration: 0.6ms | Allocations: 644)
  Rendered shared/_flashes.html.erb (Duration: 0.0ms | Allocations: 31)
  Rendered layout layouts/application.html.erb (Duration: 35.7ms | Allocations: 25808)
Completed 422 Unprocessable Entity in 44ms (Views: 36.2ms | ActiveRecord: 0.7ms | Allocations: 28755)


Started POST "/lists" for ::1 at 2024-02-22 22:14:10 +0100
Processing by ListsController#create as TURBO_STREAM
  Parameters: {"authenticity_token"=>"[FILTERED]", "list"=>{"name"=>"wfq"}, "commit"=>"Create List"}
  [1m[36mTRANSACTION (0.1ms)[0m  [1m[35mBEGIN[0m
  ↳ app/controllers/lists_controller.rb:19:in `create'
  [1m[36mList Exists? (0.2ms)[0m  [1m[34mSELECT 1 AS one FROM "lists" WHERE "lists"."name" = $1 LIMIT $2[0m  [["name", "wfq"], ["LIMIT", 1]]
  ↳ app/controllers/lists_controller.rb:19:in `create'
  [1m[36mList Create (0.3ms)[0m  [1m[32mINSERT INTO "lists" ("name", "created_at", "updated_at") VALUES ($1, $2, $3) RETURNING "id"[0m  [["name", "wfq"], ["created_at", "2024-02-22 21:14:10.997347"], ["updated_at", "2024-02-22 21:14:10.997347"]]
  ↳ app/controllers/lists_controller.rb:19:in `create'
  [1m[36mTRANSACTION (0.5ms)[0m  [1m[35mCOMMIT[0m
  ↳ app/controllers/lists_controller.rb:19:in `create'
Redirected to http://localhost:3000/lists/2
Completed 302 Found in 7ms (ActiveRecord: 1.2ms | Allocations: 3098)


Started GET "/lists/2" for ::1 at 2024-02-22 22:14:11 +0100
Processing by ListsController#show as TURBO_STREAM
  Parameters: {"id"=>"2"}
  [1m[36mList Load (0.3ms)[0m  [1m[34mSELECT "lists".* FROM "lists" WHERE "lists"."id" = $1 LIMIT $2[0m  [["id", 2], ["LIMIT", 1]]
  ↳ app/controllers/lists_controller.rb:34:in `set_list'
  Rendering layout layouts/application.html.erb
  Rendering lists/show.html.erb within layouts/application
  [1m[36mActiveStorage::Attachment Load (0.4ms)[0m  [1m[34mSELECT "active_storage_attachments".* FROM "active_storage_attachments" WHERE "active_storage_attachments"."record_id" = $1 AND "active_storage_attachments"."record_type" = $2 AND "active_storage_attachments"."name" = $3 LIMIT $4[0m  [["record_id", 2], ["record_type", "List"], ["name", "photo"], ["LIMIT", 1]]
  ↳ app/views/lists/show.html.erb:2
  [1m[36mMovie Count (0.5ms)[0m  [1m[34mSELECT COUNT(*) FROM "movies" INNER JOIN "bookmarks" ON "movies"."id" = "bookmarks"."movie_id" WHERE "bookmarks"."list_id" = $1[0m  [["list_id", 2]]
  ↳ app/views/lists/show.html.erb:5
  [1m[36mReview Exists? (0.2ms)[0m  [1m[34mSELECT 1 AS one FROM "reviews" WHERE "reviews"."list_id" = $1 LIMIT $2[0m  [["list_id", 2], ["LIMIT", 1]]
  ↳ app/views/lists/show.html.erb:41
  [1m[36mReview Load (0.3ms)[0m  [1m[34mSELECT "reviews".* FROM "reviews" WHERE "reviews"."list_id" = $1[0m  [["list_id", 2]]
  ↳ app/views/lists/show.html.erb:44
  [1m[36mMovie Load (0.5ms)[0m  [1m[34mSELECT "movies".* FROM "movies" ORDER BY "movies"."title" ASC[0m
  ↳ app/views/bookmarks/_modal.html.erb:12
  Rendered bookmarks/_modal.html.erb (Duration: 14.5ms | Allocations: 16519)
  Rendered lists/show.html.erb within layouts/application (Duration: 37.4ms | Allocations: 34147)
  Rendered shared/_navbar.html.erb (Duration: 0.4ms | Allocations: 647)
  Rendered shared/_flashes.html.erb (Duration: 0.0ms | Allocations: 31)
  Rendered layout layouts/application.html.erb (Duration: 45.9ms | Allocations: 45146)
Completed 200 OK in 48ms (Views: 44.4ms | ActiveRecord: 2.1ms | Allocations: 45958)


Started POST "/lists/2/bookmarks" for ::1 at 2024-02-22 22:14:20 +0100
Processing by BookmarksController#create as TURBO_STREAM
  Parameters: {"authenticity_token"=>"[FILTERED]", "bookmark"=>{"movie_id"=>"2", "comment"=>"decent"}, "commit"=>"Add movie", "list_id"=>"2"}
  [1m[36mList Load (0.2ms)[0m  [1m[34mSELECT "lists".* FROM "lists" WHERE "lists"."id" = $1 LIMIT $2[0m  [["id", 2], ["LIMIT", 1]]
  ↳ app/controllers/bookmarks_controller.rb:36:in `set_list'
  [1m[36mTRANSACTION (0.2ms)[0m  [1m[35mBEGIN[0m
  ↳ app/controllers/bookmarks_controller.rb:12:in `create'
  [1m[36mMovie Load (0.2ms)[0m  [1m[34mSELECT "movies".* FROM "movies" WHERE "movies"."id" = $1 LIMIT $2[0m  [["id", 2], ["LIMIT", 1]]
  ↳ app/controllers/bookmarks_controller.rb:12:in `create'
  [1m[36mBookmark Exists? (0.3ms)[0m  [1m[34mSELECT 1 AS one FROM "bookmarks" WHERE "bookmarks"."movie_id" = $1 AND "bookmarks"."list_id" = $2 LIMIT $3[0m  [["movie_id", 2], ["list_id", 2], ["LIMIT", 1]]
  ↳ app/controllers/bookmarks_controller.rb:12:in `create'
  [1m[36mBookmark Create (2.0ms)[0m  [1m[32mINSERT INTO "bookmarks" ("comment", "movie_id", "list_id", "created_at", "updated_at") VALUES ($1, $2, $3, $4, $5) RETURNING "id"[0m  [["comment", "decent"], ["movie_id", 2], ["list_id", 2], ["created_at", "2024-02-22 21:14:20.460719"], ["updated_at", "2024-02-22 21:14:20.460719"]]
  ↳ app/controllers/bookmarks_controller.rb:12:in `create'
  [1m[36mTRANSACTION (0.3ms)[0m  [1m[35mCOMMIT[0m
  ↳ app/controllers/bookmarks_controller.rb:12:in `create'
Redirected to http://localhost:3000/lists/2
Completed 302 Found in 14ms (ActiveRecord: 3.3ms | Allocations: 6445)


Started GET "/lists/2" for ::1 at 2024-02-22 22:14:20 +0100
Processing by ListsController#show as TURBO_STREAM
  Parameters: {"id"=>"2"}
  [1m[36mList Load (0.3ms)[0m  [1m[34mSELECT "lists".* FROM "lists" WHERE "lists"."id" = $1 LIMIT $2[0m  [["id", 2], ["LIMIT", 1]]
  ↳ app/controllers/lists_controller.rb:34:in `set_list'
  Rendering layout layouts/application.html.erb
  Rendering lists/show.html.erb within layouts/application
  [1m[36mActiveStorage::Attachment Load (0.2ms)[0m  [1m[34mSELECT "active_storage_attachments".* FROM "active_storage_attachments" WHERE "active_storage_attachments"."record_id" = $1 AND "active_storage_attachments"."record_type" = $2 AND "active_storage_attachments"."name" = $3 LIMIT $4[0m  [["record_id", 2], ["record_type", "List"], ["name", "photo"], ["LIMIT", 1]]
  ↳ app/views/lists/show.html.erb:2
  [1m[36mMovie Count (0.5ms)[0m  [1m[34mSELECT COUNT(*) FROM "movies" INNER JOIN "bookmarks" ON "movies"."id" = "bookmarks"."movie_id" WHERE "bookmarks"."list_id" = $1[0m  [["list_id", 2]]
  ↳ app/views/lists/show.html.erb:5
  [1m[36mMovie Exists? (0.3ms)[0m  [1m[34mSELECT 1 AS one FROM "movies" INNER JOIN "bookmarks" ON "movies"."id" = "bookmarks"."movie_id" WHERE "bookmarks"."list_id" = $1 LIMIT $2[0m  [["list_id", 2], ["LIMIT", 1]]
  ↳ app/views/lists/show.html.erb:9
  [1m[36mMovie Load (0.4ms)[0m  [1m[34mSELECT "movies".* FROM "movies" INNER JOIN "bookmarks" ON "movies"."id" = "bookmarks"."movie_id" WHERE "bookmarks"."list_id" = $1[0m  [["list_id", 2]]
  ↳ app/views/lists/show.html.erb:18
  [1m[36mBookmark Load (0.3ms)[0m  [1m[34mSELECT "bookmarks".* FROM "bookmarks" WHERE "bookmarks"."list_id" = $1 AND "bookmarks"."movie_id" = $2 LIMIT $3[0m  [["list_id", 2], ["movie_id", 2], ["LIMIT", 1]]
  ↳ app/views/lists/show.html.erb:19
  [1m[36mReview Exists? (0.2ms)[0m  [1m[34mSELECT 1 AS one FROM "reviews" WHERE "reviews"."list_id" = $1 LIMIT $2[0m  [["list_id", 2], ["LIMIT", 1]]
  ↳ app/views/lists/show.html.erb:41
  [1m[36mReview Load (0.1ms)[0m  [1m[34mSELECT "reviews".* FROM "reviews" WHERE "reviews"."list_id" = $1[0m  [["list_id", 2]]
  ↳ app/views/lists/show.html.erb:44
  [1m[36mMovie Load (0.5ms)[0m  [1m[34mSELECT "movies".* FROM "movies" ORDER BY "movies"."title" ASC[0m
  ↳ app/views/bookmarks/_modal.html.erb:12
  Rendered bookmarks/_modal.html.erb (Duration: 13.1ms | Allocations: 14319)
  Rendered lists/show.html.erb within layouts/application (Duration: 40.9ms | Allocations: 36303)
  Rendered shared/_navbar.html.erb (Duration: 0.6ms | Allocations: 644)
  Rendered shared/_flashes.html.erb (Duration: 0.0ms | Allocations: 36)
  Rendered layout layouts/application.html.erb (Duration: 49.1ms | Allocations: 47186)
Completed 200 OK in 51ms (Views: 46.9ms | ActiveRecord: 2.8ms | Allocations: 48028)


Started DELETE "/bookmarks/1" for ::1 at 2024-02-22 22:14:28 +0100
Processing by BookmarksController#destroy as TURBO_STREAM
  Parameters: {"id"=>"1"}
  [1m[36mBookmark Load (0.3ms)[0m  [1m[34mSELECT "bookmarks".* FROM "bookmarks" WHERE "bookmarks"."id" = $1 LIMIT $2[0m  [["id", 1], ["LIMIT", 1]]
  ↳ app/controllers/bookmarks_controller.rb:32:in `set_bookmark'
  [1m[36mTRANSACTION (0.2ms)[0m  [1m[35mBEGIN[0m
  ↳ app/controllers/bookmarks_controller.rb:21:in `destroy'
  [1m[36mBookmark Destroy (1.1ms)[0m  [1m[31mDELETE FROM "bookmarks" WHERE "bookmarks"."id" = $1[0m  [["id", 1]]
  ↳ app/controllers/bookmarks_controller.rb:21:in `destroy'
  [1m[36mTRANSACTION (0.3ms)[0m  [1m[35mCOMMIT[0m
  ↳ app/controllers/bookmarks_controller.rb:21:in `destroy'
  [1m[36mList Load (0.5ms)[0m  [1m[34mSELECT "lists".* FROM "lists" WHERE "lists"."id" = $1 LIMIT $2[0m  [["id", 2], ["LIMIT", 1]]
  ↳ app/controllers/bookmarks_controller.rb:22:in `destroy'
Redirected to http://localhost:3000/lists/2
Completed 303 See Other in 13ms (ActiveRecord: 2.5ms | Allocations: 4170)


Started GET "/lists/2" for ::1 at 2024-02-22 22:14:28 +0100
Processing by ListsController#show as TURBO_STREAM
  Parameters: {"id"=>"2"}
  [1m[36mList Load (0.3ms)[0m  [1m[34mSELECT "lists".* FROM "lists" WHERE "lists"."id" = $1 LIMIT $2[0m  [["id", 2], ["LIMIT", 1]]
  ↳ app/controllers/lists_controller.rb:34:in `set_list'
  Rendering layout layouts/application.html.erb
  Rendering lists/show.html.erb within layouts/application
  [1m[36mActiveStorage::Attachment Load (0.2ms)[0m  [1m[34mSELECT "active_storage_attachments".* FROM "active_storage_attachments" WHERE "active_storage_attachments"."record_id" = $1 AND "active_storage_attachments"."record_type" = $2 AND "active_storage_attachments"."name" = $3 LIMIT $4[0m  [["record_id", 2], ["record_type", "List"], ["name", "photo"], ["LIMIT", 1]]
  ↳ app/views/lists/show.html.erb:2
  [1m[36mMovie Count (0.4ms)[0m  [1m[34mSELECT COUNT(*) FROM "movies" INNER JOIN "bookmarks" ON "movies"."id" = "bookmarks"."movie_id" WHERE "bookmarks"."list_id" = $1[0m  [["list_id", 2]]
  ↳ app/views/lists/show.html.erb:5
  [1m[36mReview Exists? (0.2ms)[0m  [1m[34mSELECT 1 AS one FROM "reviews" WHERE "reviews"."list_id" = $1 LIMIT $2[0m  [["list_id", 2], ["LIMIT", 1]]
  ↳ app/views/lists/show.html.erb:41
  [1m[36mReview Load (0.1ms)[0m  [1m[34mSELECT "reviews".* FROM "reviews" WHERE "reviews"."list_id" = $1[0m  [["list_id", 2]]
  ↳ app/views/lists/show.html.erb:44
  [1m[36mMovie Load (0.5ms)[0m  [1m[34mSELECT "movies".* FROM "movies" ORDER BY "movies"."title" ASC[0m
  ↳ app/views/bookmarks/_modal.html.erb:12
  Rendered bookmarks/_modal.html.erb (Duration: 14.8ms | Allocations: 14302)
  Rendered lists/show.html.erb within layouts/application (Duration: 38.9ms | Allocations: 31904)
  Rendered shared/_navbar.html.erb (Duration: 0.5ms | Allocations: 646)
  Rendered shared/_flashes.html.erb (Duration: 0.0ms | Allocations: 31)
  Rendered layout layouts/application.html.erb (Duration: 48.4ms | Allocations: 42902)
Completed 200 OK in 51ms (Views: 47.4ms | ActiveRecord: 1.6ms | Allocations: 43701)


Started GET "/" for ::1 at 2024-02-22 22:14:39 +0100
Processing by ListsController#index as HTML
  Rendering layout layouts/application.html.erb
  Rendering lists/index.html.erb within layouts/application
  [1m[36mList Load (0.3ms)[0m  [1m[34mSELECT "lists".* FROM "lists"[0m
  ↳ app/views/lists/index.html.erb:13
  [1m[36mActiveStorage::Attachment Load (0.2ms)[0m  [1m[34mSELECT "active_storage_attachments".* FROM "active_storage_attachments" WHERE "active_storage_attachments"."record_id" = $1 AND "active_storage_attachments"."record_type" = $2 AND "active_storage_attachments"."name" = $3 LIMIT $4[0m  [["record_id", 1], ["record_type", "List"], ["name", "photo"], ["LIMIT", 1]]
  ↳ app/views/lists/index.html.erb:16
  [1m[36mActiveStorage::Attachment Load (0.7ms)[0m  [1m[34mSELECT "active_storage_attachments".* FROM "active_storage_attachments" WHERE "active_storage_attachments"."record_id" = $1 AND "active_storage_attachments"."record_type" = $2 AND "active_storage_attachments"."name" = $3 LIMIT $4[0m  [["record_id", 2], ["record_type", "List"], ["name", "photo"], ["LIMIT", 1]]
  ↳ app/views/lists/index.html.erb:16
  Rendered lists/index.html.erb within layouts/application (Duration: 12.6ms | Allocations: 3433)
  Rendered shared/_navbar.html.erb (Duration: 0.6ms | Allocations: 644)
  Rendered shared/_flashes.html.erb (Duration: 0.0ms | Allocations: 31)
  Rendered layout layouts/application.html.erb (Duration: 32.8ms | Allocations: 14457)
Completed 200 OK in 34ms (Views: 32.2ms | ActiveRecord: 1.2ms | Allocations: 14716)


